# JRE version: Java(TM) SE Runtime Environment (8.0_73-b02) (build 1.8.0_73-b02)
# Java VM: Java HotSpot(TM) 64-Bit Server VM (25.73-b02 mixed mode windows-amd64 compressed oops)
Heap:
 PSYoungGen      total 159744K, used 109652K [0x00000000e1980000, 0x00000000eee80000, 0x0000000100000000)
  eden space 146944K, 65% used [0x00000000e1980000,0x00000000e781ab80,0x00000000ea900000)
  from space 12800K, 99% used [0x00000000ee200000,0x00000000eee7a7e8,0x00000000eee80000)
  to   space 15872K, 0% used [0x00000000ecf80000,0x00000000ecf80000,0x00000000edf00000)
 ParOldGen       total 64000K, used 22822K [0x00000000a4c00000, 0x00000000a8a80000, 0x00000000e1980000)
  object space 64000K, 35% used [0x00000000a4c00000,0x00000000a6249bd0,0x00000000a8a80000)
 Metaspace       used 27097K, capacity 27620K, committed 27904K, reserved 1073152K
  class space    used 3114K, capacity 3227K, committed 3328K, reserved 1048576K
GC Heap History (10 events):
Event: 2.362 GC heap before
{Heap before GC invocations=3 (full 0):
 PSYoungGen      total 51712K, used 51696K [0x00000000e1980000, 0x00000000e4f80000, 0x0000000100000000)
  eden space 48128K, 100% used [0x00000000e1980000,0x00000000e4880000,0x00000000e4880000)
  from space 3584K, 99% used [0x00000000e4c00000,0x00000000e4f7c0f8,0x00000000e4f80000)
  to   space 3584K, 0% used [0x00000000e4880000,0x00000000e4880000,0x00000000e4c00000)
 ParOldGen       total 62976K, used 2718K [0x00000000a4c00000, 0x00000000a8980000, 0x00000000e1980000)
  object space 62976K, 4% used [0x00000000a4c00000,0x00000000a4ea7b48,0x00000000a8980000)
 Metaspace       used 14589K, capacity 14900K, committed 15232K, reserved 1062912K
  class space    used 1790K, capacity 1880K, committed 1920K, reserved 1048576K
Event: 2.402 GC heap after
Heap after GC invocations=3 (full 0):
 PSYoungGen      total 51712K, used 3560K [0x00000000e1980000, 0x00000000e7e80000, 0x0000000100000000)
  eden space 48128K, 0% used [0x00000000e1980000,0x00000000e1980000,0x00000000e4880000)
  from space 3584K, 99% used [0x00000000e4880000,0x00000000e4bfa040,0x00000000e4c00000)
  to   space 3584K, 0% used [0x00000000e7b00000,0x00000000e7b00000,0x00000000e7e80000)
 ParOldGen       total 62976K, used 10534K [0x00000000a4c00000, 0x00000000a8980000, 0x00000000e1980000)
  object space 62976K, 16% used [0x00000000a4c00000,0x00000000a5649b30,0x00000000a8980000)
 Metaspace       used 14589K, capacity 14900K, committed 15232K, reserved 1062912K
  class space    used 1790K, capacity 1880K, committed 1920K, reserved 1048576K
}
Event: 3.239 GC heap before
{Heap before GC invocations=4 (full 0):
 PSYoungGen      total 51712K, used 51688K [0x00000000e1980000, 0x00000000e7e80000, 0x0000000100000000)
  eden space 48128K, 100% used [0x00000000e1980000,0x00000000e4880000,0x00000000e4880000)
  from space 3584K, 99% used [0x00000000e4880000,0x00000000e4bfa040,0x00000000e4c00000)
  to   space 3584K, 0% used [0x00000000e7b00000,0x00000000e7b00000,0x00000000e7e80000)
 ParOldGen       total 62976K, used 10534K [0x00000000a4c00000, 0x00000000a8980000, 0x00000000e1980000)
  object space 62976K, 16% used [0x00000000a4c00000,0x00000000a5649b30,0x00000000a8980000)
 Metaspace       used 15165K, capacity 15462K, committed 15744K, reserved 1062912K
  class space    used 1825K, capacity 1915K, committed 1920K, reserved 1048576K
Event: 3.261 GC heap after
Heap after GC invocations=4 (full 0):
 PSYoungGen      total 99840K, used 3560K [0x00000000e1980000, 0x00000000e7e80000, 0x0000000100000000)
  eden space 96256K, 0% used [0x00000000e1980000,0x00000000e1980000,0x00000000e7780000)
  from space 3584K, 99% used [0x00000000e7b00000,0x00000000e7e7a040,0x00000000e7e80000)
  to   space 3584K, 0% used [0x00000000e7780000,0x00000000e7780000,0x00000000e7b00000)
 ParOldGen       total 62976K, used 15629K [0x00000000a4c00000, 0x00000000a8980000, 0x00000000e1980000)
  object space 62976K, 24% used [0x00000000a4c00000,0x00000000a5b43688,0x00000000a8980000)
 Metaspace       used 15165K, capacity 15462K, committed 15744K, reserved 1062912K
  class space    used 1825K, capacity 1915K, committed 1920K, reserved 1048576K
}
Event: 7.258 GC heap before
{Heap before GC invocations=5 (full 0):
 PSYoungGen      total 99840K, used 79323K [0x00000000e1980000, 0x00000000e7e80000, 0x0000000100000000)
  eden space 96256K, 78% used [0x00000000e1980000,0x00000000e637cc38,0x00000000e7780000)
  from space 3584K, 99% used [0x00000000e7b00000,0x00000000e7e7a040,0x00000000e7e80000)
  to   space 3584K, 0% used [0x00000000e7780000,0x00000000e7780000,0x00000000e7b00000)
 ParOldGen       total 62976K, used 15629K [0x00000000a4c00000, 0x00000000a8980000, 0x00000000e1980000)
  object space 62976K, 24% used [0x00000000a4c00000,0x00000000a5b43688,0x00000000a8980000)
 Metaspace       used 20580K, capacity 21124K, committed 21296K, reserved 1069056K
  class space    used 2495K, capacity 2626K, committed 2688K, reserved 1048576K
Event: 7.282 GC heap after
Heap after GC invocations=5 (full 0):
 PSYoungGen      total 99840K, used 3560K [0x00000000e1980000, 0x00000000eee80000, 0x0000000100000000)
  eden space 96256K, 0% used [0x00000000e1980000,0x00000000e1980000,0x00000000e7780000)
  from space 3584K, 99% used [0x00000000e7780000,0x00000000e7afa020,0x00000000e7b00000)
  to   space 12800K, 0% used [0x00000000ee200000,0x00000000ee200000,0x00000000eee80000)
 ParOldGen       total 62976K, used 21569K [0x00000000a4c00000, 0x00000000a8980000, 0x00000000e1980000)
  object space 62976K, 34% used [0x00000000a4c00000,0x00000000a61104b8,0x00000000a8980000)
 Metaspace       used 20580K, capacity 21124K, committed 21296K, reserved 1069056K
  class space    used 2495K, capacity 2626K, committed 2688K, reserved 1048576K
}
Event: 7.282 GC heap before
{Heap before GC invocations=6 (full 1):
 PSYoungGen      total 99840K, used 3560K [0x00000000e1980000, 0x00000000eee80000, 0x0000000100000000)
  eden space 96256K, 0% used [0x00000000e1980000,0x00000000e1980000,0x00000000e7780000)
  from space 3584K, 99% used [0x00000000e7780000,0x00000000e7afa020,0x00000000e7b00000)
  to   space 12800K, 0% used [0x00000000ee200000,0x00000000ee200000,0x00000000eee80000)
 ParOldGen       total 62976K, used 21569K [0x00000000a4c00000, 0x00000000a8980000, 0x00000000e1980000)
  object space 62976K, 34% used [0x00000000a4c00000,0x00000000a61104b8,0x00000000a8980000)
 Metaspace       used 20580K, capacity 21124K, committed 21296K, reserved 1069056K
  class space    used 2495K, capacity 2626K, committed 2688K, reserved 1048576K
Event: 7.407 GC heap after
Heap after GC invocations=6 (full 1):
 PSYoungGen      total 99840K, used 0K [0x00000000e1980000, 0x00000000eee80000, 0x0000000100000000)
  eden space 96256K, 0% used [0x00000000e1980000,0x00000000e1980000,0x00000000e7780000)
  from space 3584K, 0% used [0x00000000e7780000,0x00000000e7780000,0x00000000e7b00000)
  to   space 12800K, 0% used [0x00000000ee200000,0x00000000ee200000,0x00000000eee80000)
 ParOldGen       total 64000K, used 20275K [0x00000000a4c00000, 0x00000000a8a80000, 0x00000000e1980000)
  object space 64000K, 31% used [0x00000000a4c00000,0x00000000a5fcccf0,0x00000000a8a80000)
 Metaspace       used 20580K, capacity 21124K, committed 21296K, reserved 1069056K
  class space    used 2495K, capacity 2626K, committed 2688K, reserved 1048576K
}
Event: 9.694 GC heap before
{Heap before GC invocations=7 (full 1):
 PSYoungGen      total 99840K, used 96256K [0x00000000e1980000, 0x00000000eee80000, 0x0000000100000000)
  eden space 96256K, 100% used [0x00000000e1980000,0x00000000e7780000,0x00000000e7780000)
  from space 3584K, 0% used [0x00000000e7780000,0x00000000e7780000,0x00000000e7b00000)
  to   space 12800K, 0% used [0x00000000ee200000,0x00000000ee200000,0x00000000eee80000)
 ParOldGen       total 64000K, used 20275K [0x00000000a4c00000, 0x00000000a8a80000, 0x00000000e1980000)
  object space 64000K, 31% used [0x00000000a4c00000,0x00000000a5fcccf0,0x00000000a8a80000)
 Metaspace       used 23466K, capacity 24068K, committed 24448K, reserved 1071104K
  class space    used 2687K, capacity 2818K, committed 2944K, reserved 1048576K
Event: 9.722 GC heap after
Heap after GC invocations=7 (full 1):
 PSYoungGen      total 159744K, used 12777K [0x00000000e1980000, 0x00000000eee80000, 0x0000000100000000)
  eden space 146944K, 0% used [0x00000000e1980000,0x00000000e1980000,0x00000000ea900000)
  from space 12800K, 99% used [0x00000000ee200000,0x00000000eee7a7e8,0x00000000eee80000)
  to   space 15872K, 0% used [0x00000000ecf80000,0x00000000ecf80000,0x00000000edf00000)
 ParOldGen       total 64000K, used 22822K [0x00000000a4c00000, 0x00000000a8a80000, 0x00000000e1980000)
  object space 64000K, 35% used [0x00000000a4c00000,0x00000000a6249bd0,0x00000000a8a80000)
 Metaspace       used 23466K, capacity 24068K, committed 24448K, reserved 1071104K
  class space    used 2687K, capacity 2818K, committed 2944K, reserved 1048576K
}

